<?xml version="1.0" encoding="UTF-8"?>
<testng-results skipped="0" failed="0" total="1" passed="1">
  <reporter-output>
    <line>
      <![CDATA[<div "featureFile">Feature File: Sample.feature</div>]]>
    </line>
    <line>
      <![CDATA[<div "feature">Feature: Login into the Gmail Account</div>]]>
    </line>
    <line>
      <![CDATA[<div "scenario">Scenario: Validate user is able to enter username</div>]]>
    </line>
    <line>
      <![CDATA[<div "result">Given  Open Gmail in the browser (passed : 2s)</div>]]>
    </line>
    <line>
      <![CDATA[<div "result">When  Gmail opens enter username (passed : 0s)</div>]]>
    </line>
    <line>
      <![CDATA[<div "result">Then  check username is present (passed : 1s)</div>]]>
    </line>
    <line>
      <![CDATA[<div "result">Then  Close the browser (passed : 2s)</div>]]>
    </line>
    <line>
      <![CDATA[<div "scenario">Scenario: Validate user is able to enter password</div>]]>
    </line>
    <line>
      <![CDATA[<div "result">Given  Open Gmail in the browser (passed : 2s)</div>]]>
    </line>
    <line>
      <![CDATA[<div "result">When  Gmail opens enter username (passed : 0s)</div>]]>
    </line>
    <line>
      <![CDATA[<div "result">And  Tap on Next button (passed : 0s)</div>]]>
    </line>
    <line>
      <![CDATA[<div "result">Then  Enter password in password field (passed : 0s)</div>]]>
    </line>
    <line>
      <![CDATA[<div "result">And  Check if password field is not empty (passed : 0s)</div>]]>
    </line>
    <line>
      <![CDATA[<div "result">Then  Close the browser (passed : 0s)</div>]]>
    </line>
    <line>
      <![CDATA[<div "scenario">Scenario: Validate user is able to enter password</div>]]>
    </line>
    <line>
      <![CDATA[<div "result">Given  Open Gmail in the browser (passed : 3s)</div>]]>
    </line>
    <line>
      <![CDATA[<div "result">When  Gmail opens enter username (passed : 0s)</div>]]>
    </line>
    <line>
      <![CDATA[<div "result">And  Tap on Next button (passed : 0s)</div>]]>
    </line>
    <line>
      <![CDATA[<div "result">Then  Enter password in password field (passed : 0s)</div>]]>
    </line>
    <line>
      <![CDATA[<div "result">And  Check if password field is not empty (passed : 0s)</div>]]>
    </line>
    <line>
      <![CDATA[<div "result">Then  Close the browser (passed : 2s)</div>]]>
    </line>
  </reporter-output>
  <suite name="Default suite" duration-ms="28848" started-at="2018-05-22T22:38:40Z" finished-at="2018-05-22T22:39:09Z">
    <groups>
      <group name="cucumber">
        <method signature="AbstractTestNGCucumberTests.run_cukes()[pri:0, instance:com.cucumber.runner.ScenarioOneTestRunner@5649fd9b]" name="run_cukes" class="cucumber.api.testng.AbstractTestNGCucumberTests"/>
      </group> <!-- cucumber -->
    </groups>
    <test name="Default test" duration-ms="28848" started-at="2018-05-22T22:38:40Z" finished-at="2018-05-22T22:39:09Z">
      <class name="com.cucumber.runner.ScenarioOneTestRunner">
        <test-method status="PASS" signature="run_cukes()[pri:0, instance:com.cucumber.runner.ScenarioOneTestRunner@5649fd9b]" name="run_cukes" duration-ms="28819" started-at="2018-05-22T23:38:40Z" description="Runs Cucumber Features" finished-at="2018-05-22T23:39:09Z">
          <reporter-output>
            <line>
              <![CDATA[<div "featureFile">Feature File: Sample.feature</div>]]>
            </line>
            <line>
              <![CDATA[<div "feature">Feature: Login into the Gmail Account</div>]]>
            </line>
            <line>
              <![CDATA[<div "scenario">Scenario: Validate user is able to enter username</div>]]>
            </line>
            <line>
              <![CDATA[<div "result">Given  Open Gmail in the browser (passed : 2s)</div>]]>
            </line>
            <line>
              <![CDATA[<div "result">When  Gmail opens enter username (passed : 0s)</div>]]>
            </line>
            <line>
              <![CDATA[<div "result">Then  check username is present (passed : 1s)</div>]]>
            </line>
            <line>
              <![CDATA[<div "result">Then  Close the browser (passed : 2s)</div>]]>
            </line>
            <line>
              <![CDATA[<div "scenario">Scenario: Validate user is able to enter password</div>]]>
            </line>
            <line>
              <![CDATA[<div "result">Given  Open Gmail in the browser (passed : 2s)</div>]]>
            </line>
            <line>
              <![CDATA[<div "result">When  Gmail opens enter username (passed : 0s)</div>]]>
            </line>
            <line>
              <![CDATA[<div "result">And  Tap on Next button (passed : 0s)</div>]]>
            </line>
            <line>
              <![CDATA[<div "result">Then  Enter password in password field (passed : 0s)</div>]]>
            </line>
            <line>
              <![CDATA[<div "result">And  Check if password field is not empty (passed : 0s)</div>]]>
            </line>
            <line>
              <![CDATA[<div "result">Then  Close the browser (passed : 0s)</div>]]>
            </line>
            <line>
              <![CDATA[<div "scenario">Scenario: Validate user is able to enter password</div>]]>
            </line>
            <line>
              <![CDATA[<div "result">Given  Open Gmail in the browser (passed : 3s)</div>]]>
            </line>
            <line>
              <![CDATA[<div "result">When  Gmail opens enter username (passed : 0s)</div>]]>
            </line>
            <line>
              <![CDATA[<div "result">And  Tap on Next button (passed : 0s)</div>]]>
            </line>
            <line>
              <![CDATA[<div "result">Then  Enter password in password field (passed : 0s)</div>]]>
            </line>
            <line>
              <![CDATA[<div "result">And  Check if password field is not empty (passed : 0s)</div>]]>
            </line>
            <line>
              <![CDATA[<div "result">Then  Close the browser (passed : 2s)</div>]]>
            </line>
          </reporter-output>
        </test-method> <!-- run_cukes -->
      </class> <!-- com.cucumber.runner.ScenarioOneTestRunner -->
    </test> <!-- Default test -->
  </suite> <!-- Default suite -->
</testng-results>
