<?xml version="1.0" encoding="UTF-8"?>
<!-- Generated by org.testng.reporters.JUnitXMLReporter -->
<testsuite hostname="DESKTOP-37L4HDO" name="Smoke Testing" tests="1" failures="1" timestamp="22 May 2018 22:01:04 GMT" time="0.556" errors="0">
  <testcase name="run_cukes" time="0.518" classname="com.cucumber.runner.ScenarioOneTestRunner">
    <failure type="java.lang.IllegalArgumentException" message="Not a file or directory: E:\src\test\resources\Features">
      <![CDATA[java.lang.IllegalArgumentException: Not a file or directory: E:\src\test\resources\Features
	at cucumber.runtime.io.FileResourceIterator$FileIterator.<init>(FileResourceIterator.java:54)
	at cucumber.runtime.io.FileResourceIterator.<init>(FileResourceIterator.java:20)
	at cucumber.runtime.io.FileResourceIterable.iterator(FileResourceIterable.java:19)
	at cucumber.runtime.model.CucumberFeature.loadFromFeaturePath(CucumberFeature.java:103)
	at cucumber.runtime.model.CucumberFeature.load(CucumberFeature.java:54)
	at cucumber.runtime.model.CucumberFeature.load(CucumberFeature.java:34)
	at cucumber.runtime.RuntimeOptions.cucumberFeatures(RuntimeOptions.java:239)
	at cucumber.runtime.Runtime.run(Runtime.java:111)
	at cucumber.api.testng.TestNGCucumberRunner.runCukes(TestNGCucumberRunner.java:43)
	at cucumber.api.testng.AbstractTestNGCucumberTests.run_cukes(AbstractTestNGCucumberTests.java:14)
	at cucumber.api.testng.AbstractTestNGCucumberTests.run(AbstractTestNGCucumberTests.java:19)
... Removed 30 stack frames]]>
    </failure>
  </testcase> <!-- run_cukes -->
</testsuite> <!-- Smoke Testing -->
